<?xml version="1.0" encoding="UTF-8"?>
<!-- Generated by org.testng.reporters.JUnitReportReporter -->
<testsuite hostname="HYDPCM536291L" failures="0" tests="3" name="com.testCases.DataProvider01" time="4.479" errors="0" timestamp="06 May 2022 08:27:44 GMT" skipped="0">
  <testcase classname="com.testCases.DataProvider01" name="test" time="3.140"/>
  <testcase classname="com.testCases.DataProvider01" name="test" time="0.628"/>
  <testcase classname="com.testCases.DataProvider01" name="test" time="0.711"/>
</testsuite> <!-- com.testCases.DataProvider01 -->
